Determining if the pthread_create exist failed with the following output:
Change Dir: /home/john/Software/cpp_course/6_week6/build/CMakeFiles/CMakeTmp

Run Build Command:"/usr/bin/make" "cmTC_6c5a5/fast"
make[1]: Entering directory '/home/john/Software/cpp_course/6_week6/build/CMakeFiles/CMakeTmp'
/usr/bin/make -f CMakeFiles/cmTC_6c5a5.dir/build.make CMakeFiles/cmTC_6c5a5.dir/build
make[2]: Entering directory '/home/john/Software/cpp_course/6_week6/build/CMakeFiles/CMakeTmp'
Building C object CMakeFiles/cmTC_6c5a5.dir/CheckSymbolExists.c.o
/usr/bin/cc     -o CMakeFiles/cmTC_6c5a5.dir/CheckSymbolExists.c.o   -c /home/john/Software/cpp_course/6_week6/build/CMakeFiles/CMakeTmp/CheckSymbolExists.c
Linking C executable cmTC_6c5a5
/usr/bin/cmake -E cmake_link_script CMakeFiles/cmTC_6c5a5.dir/link.txt --verbose=1
/usr/bin/cc       CMakeFiles/cmTC_6c5a5.dir/CheckSymbolExists.c.o  -o cmTC_6c5a5 -rdynamic 
CMakeFiles/cmTC_6c5a5.dir/CheckSymbolExists.c.o: In function `main':
CheckSymbolExists.c:(.text+0x16): undefined reference to `pthread_create'
collect2: error: ld returned 1 exit status
CMakeFiles/cmTC_6c5a5.dir/build.make:97: recipe for target 'cmTC_6c5a5' failed
make[2]: *** [cmTC_6c5a5] Error 1
make[2]: Leaving directory '/home/john/Software/cpp_course/6_week6/build/CMakeFiles/CMakeTmp'
Makefile:126: recipe for target 'cmTC_6c5a5/fast' failed
make[1]: *** [cmTC_6c5a5/fast] Error 2
make[1]: Leaving directory '/home/john/Software/cpp_course/6_week6/build/CMakeFiles/CMakeTmp'

File /home/john/Software/cpp_course/6_week6/build/CMakeFiles/CMakeTmp/CheckSymbolExists.c:
/* */
#include <pthread.h>

int main(int argc, char** argv)
{
  (void)argv;
#ifndef pthread_create
  return ((int*)(&pthread_create))[argc];
#else
  (void)argc;
  return 0;
#endif
}

Determining if the function pthread_create exists in the pthreads failed with the following output:
Change Dir: /home/john/Software/cpp_course/6_week6/build/CMakeFiles/CMakeTmp

Run Build Command:"/usr/bin/make" "cmTC_4f129/fast"
make[1]: Entering directory '/home/john/Software/cpp_course/6_week6/build/CMakeFiles/CMakeTmp'
/usr/bin/make -f CMakeFiles/cmTC_4f129.dir/build.make CMakeFiles/cmTC_4f129.dir/build
make[2]: Entering directory '/home/john/Software/cpp_course/6_week6/build/CMakeFiles/CMakeTmp'
Building C object CMakeFiles/cmTC_4f129.dir/CheckFunctionExists.c.o
/usr/bin/cc    -DCHECK_FUNCTION_EXISTS=pthread_create   -o CMakeFiles/cmTC_4f129.dir/CheckFunctionExists.c.o   -c /usr/share/cmake-3.5/Modules/CheckFunctionExists.c
Linking C executable cmTC_4f129
/usr/bin/cmake -E cmake_link_script CMakeFiles/cmTC_4f129.dir/link.txt --verbose=1
/usr/bin/cc   -DCHECK_FUNCTION_EXISTS=pthread_create    CMakeFiles/cmTC_4f129.dir/CheckFunctionExists.c.o  -o cmTC_4f129 -rdynamic -lpthreads 
/usr/bin/ld: cannot find -lpthreads
collect2: error: ld returned 1 exit status
CMakeFiles/cmTC_4f129.dir/build.make:97: recipe for target 'cmTC_4f129' failed
make[2]: *** [cmTC_4f129] Error 1
make[2]: Leaving directory '/home/john/Software/cpp_course/6_week6/build/CMakeFiles/CMakeTmp'
Makefile:126: recipe for target 'cmTC_4f129/fast' failed
make[1]: *** [cmTC_4f129/fast] Error 2
make[1]: Leaving directory '/home/john/Software/cpp_course/6_week6/build/CMakeFiles/CMakeTmp'


