Performing C SOURCE FILE Test CMAKE_HAVE_LIBC_PTHREAD failed with the following output:
Change Dir: /home/john/J_Hey_code_examples/CPP_cryptography_example/CMakeFiles/CMakeTmp

Run Build Command(s):/usr/bin/make cmTC_e1518/fast && /usr/bin/make -f CMakeFiles/cmTC_e1518.dir/build.make CMakeFiles/cmTC_e1518.dir/build
make[1]: Entering directory '/home/john/J_Hey_code_examples/CPP_cryptography_example/CMakeFiles/CMakeTmp'
Building C object CMakeFiles/cmTC_e1518.dir/src.c.o
/usr/bin/cc   -DCMAKE_HAVE_LIBC_PTHREAD   -o CMakeFiles/cmTC_e1518.dir/src.c.o   -c /home/john/J_Hey_code_examples/CPP_cryptography_example/CMakeFiles/CMakeTmp/src.c
Linking C executable cmTC_e1518
/usr/bin/cmake -E cmake_link_script CMakeFiles/cmTC_e1518.dir/link.txt --verbose=1
/usr/bin/cc  -DCMAKE_HAVE_LIBC_PTHREAD    -rdynamic CMakeFiles/cmTC_e1518.dir/src.c.o  -o cmTC_e1518 
/usr/bin/ld: CMakeFiles/cmTC_e1518.dir/src.c.o: in function `main':
src.c:(.text+0x46): undefined reference to `pthread_create'
/usr/bin/ld: src.c:(.text+0x52): undefined reference to `pthread_detach'
/usr/bin/ld: src.c:(.text+0x63): undefined reference to `pthread_join'
collect2: error: ld returned 1 exit status
make[1]: *** [CMakeFiles/cmTC_e1518.dir/build.make:87: cmTC_e1518] Error 1
make[1]: Leaving directory '/home/john/J_Hey_code_examples/CPP_cryptography_example/CMakeFiles/CMakeTmp'
make: *** [Makefile:121: cmTC_e1518/fast] Error 2


Source file was:
#include <pthread.h>

void* test_func(void* data)
{
  return data;
}

int main(void)
{
  pthread_t thread;
  pthread_create(&thread, NULL, test_func, NULL);
  pthread_detach(thread);
  pthread_join(thread, NULL);
  pthread_atfork(NULL, NULL, NULL);
  pthread_exit(NULL);

  return 0;
}

Determining if the function pthread_create exists in the pthreads failed with the following output:
Change Dir: /home/john/J_Hey_code_examples/CPP_cryptography_example/CMakeFiles/CMakeTmp

Run Build Command(s):/usr/bin/make cmTC_0b224/fast && /usr/bin/make -f CMakeFiles/cmTC_0b224.dir/build.make CMakeFiles/cmTC_0b224.dir/build
make[1]: Entering directory '/home/john/J_Hey_code_examples/CPP_cryptography_example/CMakeFiles/CMakeTmp'
Building C object CMakeFiles/cmTC_0b224.dir/CheckFunctionExists.c.o
/usr/bin/cc   -DCHECK_FUNCTION_EXISTS=pthread_create   -o CMakeFiles/cmTC_0b224.dir/CheckFunctionExists.c.o   -c /usr/share/cmake-3.16/Modules/CheckFunctionExists.c
Linking C executable cmTC_0b224
/usr/bin/cmake -E cmake_link_script CMakeFiles/cmTC_0b224.dir/link.txt --verbose=1
/usr/bin/cc  -DCHECK_FUNCTION_EXISTS=pthread_create    -rdynamic CMakeFiles/cmTC_0b224.dir/CheckFunctionExists.c.o  -o cmTC_0b224  -lpthreads 
/usr/bin/ld: cannot find -lpthreads
collect2: error: ld returned 1 exit status
make[1]: *** [CMakeFiles/cmTC_0b224.dir/build.make:87: cmTC_0b224] Error 1
make[1]: Leaving directory '/home/john/J_Hey_code_examples/CPP_cryptography_example/CMakeFiles/CMakeTmp'
make: *** [Makefile:121: cmTC_0b224/fast] Error 2



Performing C SOURCE FILE Test CMAKE_HAVE_LIBC_PTHREAD failed with the following output:
Change Dir: /home/john/J_Hey_code_examples/CPP_cryptography_example/CMakeFiles/CMakeTmp

Run Build Command(s):/usr/bin/make cmTC_81505/fast && make[1]: Entering directory '/home/john/J_Hey_code_examples/CPP_cryptography_example/CMakeFiles/CMakeTmp'
/usr/bin/make -f CMakeFiles/cmTC_81505.dir/build.make CMakeFiles/cmTC_81505.dir/build
make[2]: Entering directory '/home/john/J_Hey_code_examples/CPP_cryptography_example/CMakeFiles/CMakeTmp'
Building C object CMakeFiles/cmTC_81505.dir/src.c.o
/usr/bin/cc   -DCMAKE_HAVE_LIBC_PTHREAD   -o CMakeFiles/cmTC_81505.dir/src.c.o   -c /home/john/J_Hey_code_examples/CPP_cryptography_example/CMakeFiles/CMakeTmp/src.c
Linking C executable cmTC_81505
/usr/bin/cmake -E cmake_link_script CMakeFiles/cmTC_81505.dir/link.txt --verbose=1
/usr/bin/cc  -DCMAKE_HAVE_LIBC_PTHREAD    -rdynamic CMakeFiles/cmTC_81505.dir/src.c.o  -o cmTC_81505 
/usr/bin/ld: CMakeFiles/cmTC_81505.dir/src.c.o: in function `main':
src.c:(.text+0x46): undefined reference to `pthread_create'
/usr/bin/ld: src.c:(.text+0x52): undefined reference to `pthread_detach'
/usr/bin/ld: src.c:(.text+0x63): undefined reference to `pthread_join'
collect2: error: ld returned 1 exit status
make[2]: *** [CMakeFiles/cmTC_81505.dir/build.make:87: cmTC_81505] Error 1
make[2]: Leaving directory '/home/john/J_Hey_code_examples/CPP_cryptography_example/CMakeFiles/CMakeTmp'
make[1]: *** [Makefile:121: cmTC_81505/fast] Error 2
make[1]: Leaving directory '/home/john/J_Hey_code_examples/CPP_cryptography_example/CMakeFiles/CMakeTmp'


Source file was:
#include <pthread.h>

void* test_func(void* data)
{
  return data;
}

int main(void)
{
  pthread_t thread;
  pthread_create(&thread, NULL, test_func, NULL);
  pthread_detach(thread);
  pthread_join(thread, NULL);
  pthread_atfork(NULL, NULL, NULL);
  pthread_exit(NULL);

  return 0;
}

Determining if the function pthread_create exists in the pthreads failed with the following output:
Change Dir: /home/john/J_Hey_code_examples/CPP_cryptography_example/CMakeFiles/CMakeTmp

Run Build Command(s):/usr/bin/make cmTC_2365d/fast && make[1]: Entering directory '/home/john/J_Hey_code_examples/CPP_cryptography_example/CMakeFiles/CMakeTmp'
/usr/bin/make -f CMakeFiles/cmTC_2365d.dir/build.make CMakeFiles/cmTC_2365d.dir/build
make[2]: Entering directory '/home/john/J_Hey_code_examples/CPP_cryptography_example/CMakeFiles/CMakeTmp'
Building C object CMakeFiles/cmTC_2365d.dir/CheckFunctionExists.c.o
/usr/bin/cc   -DCHECK_FUNCTION_EXISTS=pthread_create   -o CMakeFiles/cmTC_2365d.dir/CheckFunctionExists.c.o   -c /usr/share/cmake-3.16/Modules/CheckFunctionExists.c
Linking C executable cmTC_2365d
/usr/bin/cmake -E cmake_link_script CMakeFiles/cmTC_2365d.dir/link.txt --verbose=1
/usr/bin/cc  -DCHECK_FUNCTION_EXISTS=pthread_create    -rdynamic CMakeFiles/cmTC_2365d.dir/CheckFunctionExists.c.o  -o cmTC_2365d  -lpthreads 
/usr/bin/ld: cannot find -lpthreads
collect2: error: ld returned 1 exit status
make[2]: *** [CMakeFiles/cmTC_2365d.dir/build.make:87: cmTC_2365d] Error 1
make[2]: Leaving directory '/home/john/J_Hey_code_examples/CPP_cryptography_example/CMakeFiles/CMakeTmp'
make[1]: *** [Makefile:121: cmTC_2365d/fast] Error 2
make[1]: Leaving directory '/home/john/J_Hey_code_examples/CPP_cryptography_example/CMakeFiles/CMakeTmp'



