2019-05-28 14:56:16,735 - matplotlib.font_manager - DEBUG - Using fontManager instance from /home/john/.cache/matplotlib/fontList.json
2019-05-28 14:56:16,945 - matplotlib.backends - DEBUG - backend module://backend_interagg version unknown
2019-06-18 12:29:54,324 - matplotlib.font_manager - DEBUG - Using fontManager instance from /home/john/.cache/matplotlib/fontlist-v310.json
2019-06-18 12:29:54,464 - matplotlib.pyplot - DEBUG - Loaded backend module://backend_interagg version unknown.
2019-06-18 12:30:22,161 - matplotlib.font_manager - DEBUG - Using fontManager instance from /home/john/.cache/matplotlib/fontlist-v310.json
2019-06-18 12:30:22,260 - matplotlib.pyplot - DEBUG - Loaded backend module://backend_interagg version unknown.
2019-06-18 12:30:42,143 - matplotlib.font_manager - DEBUG - Using fontManager instance from /home/john/.cache/matplotlib/fontlist-v310.json
2019-06-18 12:30:42,246 - matplotlib.pyplot - DEBUG - Loaded backend module://backend_interagg version unknown.
2019-06-18 12:31:13,571 - matplotlib.font_manager - DEBUG - Using fontManager instance from /home/john/.cache/matplotlib/fontlist-v310.json
2019-06-18 12:31:13,670 - matplotlib.pyplot - DEBUG - Loaded backend module://backend_interagg version unknown.
2019-06-18 12:31:27,475 - matplotlib.font_manager - DEBUG - Using fontManager instance from /home/john/.cache/matplotlib/fontlist-v310.json
2019-06-18 12:31:27,572 - matplotlib.pyplot - DEBUG - Loaded backend module://backend_interagg version unknown.
2019-06-18 12:33:36,974 - matplotlib.font_manager - DEBUG - Using fontManager instance from /home/john/.cache/matplotlib/fontlist-v310.json
2019-06-18 12:33:37,077 - matplotlib.pyplot - DEBUG - Loaded backend module://backend_interagg version unknown.
2019-06-18 12:34:51,314 - matplotlib.font_manager - DEBUG - Using fontManager instance from /home/john/.cache/matplotlib/fontlist-v310.json
2019-06-18 12:34:51,413 - matplotlib.pyplot - DEBUG - Loaded backend module://backend_interagg version unknown.
2019-06-18 12:35:08,387 - matplotlib.font_manager - DEBUG - Using fontManager instance from /home/john/.cache/matplotlib/fontlist-v310.json
2019-06-18 12:35:08,493 - matplotlib.pyplot - DEBUG - Loaded backend module://backend_interagg version unknown.
2019-06-18 14:47:49,450 - matplotlib.font_manager - DEBUG - Using fontManager instance from /home/john/.cache/matplotlib/fontlist-v310.json
2019-06-18 14:47:49,554 - matplotlib.pyplot - DEBUG - Loaded backend module://backend_interagg version unknown.
2019-06-18 14:48:18,629 - matplotlib.font_manager - DEBUG - Using fontManager instance from /home/john/.cache/matplotlib/fontlist-v310.json
2019-06-18 14:48:18,733 - matplotlib.pyplot - DEBUG - Loaded backend module://backend_interagg version unknown.
2019-06-18 14:48:36,233 - matplotlib.font_manager - DEBUG - Using fontManager instance from /home/john/.cache/matplotlib/fontlist-v310.json
2019-06-18 14:48:36,336 - matplotlib.pyplot - DEBUG - Loaded backend module://backend_interagg version unknown.
2019-06-18 14:50:40,502 - matplotlib.font_manager - DEBUG - Using fontManager instance from /home/john/.cache/matplotlib/fontlist-v310.json
2019-06-18 14:50:40,601 - matplotlib.pyplot - DEBUG - Loaded backend module://backend_interagg version unknown.
2019-06-18 14:51:27,458 - matplotlib.font_manager - DEBUG - Using fontManager instance from /home/john/.cache/matplotlib/fontlist-v310.json
2019-06-18 14:51:27,557 - matplotlib.pyplot - DEBUG - Loaded backend module://backend_interagg version unknown.
2019-06-18 15:46:22,934 - matplotlib.font_manager - DEBUG - Using fontManager instance from /home/john/.cache/matplotlib/fontlist-v310.json
2019-06-18 15:46:23,033 - matplotlib.pyplot - DEBUG - Loaded backend module://backend_interagg version unknown.
2019-06-18 15:46:47,168 - matplotlib.font_manager - DEBUG - Using fontManager instance from /home/john/.cache/matplotlib/fontlist-v310.json
2019-06-18 15:46:47,268 - matplotlib.pyplot - DEBUG - Loaded backend module://backend_interagg version unknown.
2019-06-18 15:47:10,220 - matplotlib.font_manager - DEBUG - Using fontManager instance from /home/john/.cache/matplotlib/fontlist-v310.json
2019-06-18 15:47:10,325 - matplotlib.pyplot - DEBUG - Loaded backend module://backend_interagg version unknown.
2019-06-18 15:47:10,343 - root - ERROR - Optimization not converged in .!
2019-06-18 15:48:02,991 - matplotlib.font_manager - DEBUG - Using fontManager instance from /home/john/.cache/matplotlib/fontlist-v310.json
2019-06-18 15:48:03,091 - matplotlib.pyplot - DEBUG - Loaded backend module://backend_interagg version unknown.
2019-06-18 15:48:03,109 - root - ERROR - Optimization not converged in .!
2019-06-18 17:49:52,988 - matplotlib.font_manager - DEBUG - Using fontManager instance from /home/john/.cache/matplotlib/fontlist-v310.json
2019-06-18 17:49:53,088 - matplotlib.pyplot - DEBUG - Loaded backend module://backend_interagg version unknown.
2019-06-18 17:49:53,105 - root - ERROR - Optimization not converged in .!
2019-06-18 17:49:53,107 - root - ERROR - Optimization not converged in .!
2019-06-18 17:51:00,798 - matplotlib.font_manager - DEBUG - Using fontManager instance from /home/john/.cache/matplotlib/fontlist-v310.json
2019-06-18 17:51:00,916 - matplotlib.pyplot - DEBUG - Loaded backend module://backend_interagg version unknown.
2019-06-18 17:51:00,933 - root - ERROR - Optimization not converged in .!
2019-06-18 17:51:00,936 - root - ERROR - Optimization not converged in .!
2019-06-18 18:00:26,912 - matplotlib.font_manager - DEBUG - Using fontManager instance from /home/john/.cache/matplotlib/fontlist-v310.json
2019-06-18 18:00:27,011 - matplotlib.pyplot - DEBUG - Loaded backend module://backend_interagg version unknown.
2019-06-18 18:01:01,776 - matplotlib.font_manager - DEBUG - Using fontManager instance from /home/john/.cache/matplotlib/fontlist-v310.json
2019-06-18 18:01:01,873 - matplotlib.pyplot - DEBUG - Loaded backend module://backend_interagg version unknown.
2019-06-18 18:01:30,964 - matplotlib.font_manager - DEBUG - Using fontManager instance from /home/john/.cache/matplotlib/fontlist-v310.json
2019-06-18 18:01:31,062 - matplotlib.pyplot - DEBUG - Loaded backend module://backend_interagg version unknown.
2019-06-18 18:01:31,079 - root - ERROR - Optimization not converged in .!
